[info   ] [FileManager]: Data files will be fetched from: '/usr/share/supertuxkart/data/'
[info   ] [FileManager]: User directory is '/home/sunit/.config/supertuxkart/0.8.2/'.
[info   ] [FileManager]: Addons files will be stored in '/home/sunit/.local/share/supertuxkart/addons/'.
[info   ] [FileManager]: Screenshots will be stored in '/home/sunit/.local/share/supertuxkart/screenshots/'.
[info   ] [FileManager]: User-defined grand prix will be stored in '/home/sunit/.local/share/supertuxkart/grandprix/'.
[info   ] [FileManager]: Asset 0 will be loaded from '/usr/share/supertuxkart/data/challenges/'.
[info   ] [FileManager]: Asset 1 will be loaded from '/usr/share/supertuxkart/data/gfx/'.
[info   ] [FileManager]: Asset 2 will be loaded from '/usr/share/supertuxkart/data/grandprix/'.
[info   ] [FileManager]: Asset 3 will be loaded from '/usr/share/supertuxkart/data/gui/'.
[info   ] [FileManager]: Asset 4 will be loaded from '/usr/share/supertuxkart/data/library/'.
[info   ] [FileManager]: Asset 5 will be loaded from '/usr/share/supertuxkart/data/models/'.
[info   ] [FileManager]: Asset 6 will be loaded from '/usr/share/supertuxkart/data/music/'.
[info   ] [FileManager]: Asset 7 will be loaded from '/usr/share/supertuxkart/data/replay/'.
[info   ] [FileManager]: Asset 8 will be loaded from '/usr/share/supertuxkart/data/tracks/'.
[info   ] [FileManager]: Asset 9 will be loaded from '/usr/share/supertuxkart/data/sfx/'.
[info   ] [FileManager]: Asset 10 will be loaded from '/usr/share/supertuxkart/data/shaders/'.
[info   ] [FileManager]: Asset 11 will be loaded from '/usr/share/supertuxkart/data/skins/'.
[info   ] [FileManager]: Asset 12 will be loaded from '/usr/share/supertuxkart/data/textures/'.
[info   ] [FileManager]: Asset 13 will be loaded from '/usr/share/supertuxkart/data/ttf/'.
[info   ] [FileManager]: Asset 14 will be loaded from '/usr/share/supertuxkart/data/po/'.
[verbose  ] translation: Env var LANGUAGE = 'en_US.UTF-8'.
[verbose  ] translation: Language 'English (United States)'.
[info   ] IrrDriver: OpenGL version: 4.5
[info   ] IrrDriver: OpenGL vendor: Intel Open Source Technology Center
[info   ] IrrDriver: OpenGL renderer: Mesa DRI Intel(R) HD Graphics 520 (Skylake GT2) 
[info   ] IrrDriver: OpenGL version string: 4.5 (Core Profile) Mesa 18.0.0
[info   ] GLDriver: AMD Vertex Shader Layer Present
[info   ] GLDriver: ARB Buffer Storage Present
[info   ] GLDriver: ARB Base Instance Present
[info   ] GLDriver: ARB Draw Indirect Present
[info   ] GLDriver: ARB Compute Shader Present
[info   ] GLDriver: ARB Arrays of Arrays Present
[info   ] GLDriver: ARB Texture Storage Present
[info   ] GLDriver: ARB Texture View Present
[info   ] GLDriver: ARB Image Load Store Present
[info   ] GLDriver: ARB Shader Atomic Counters Present
[info   ] GLDriver: ARB Shader Storage Buffer Object Present
[info   ] GLDriver: ARB Multi Draw Indirect Present
[info   ] GLDriver: EXT Texture Compression S3TC Present
[info   ] GLDriver: ARB Texture Compression RGTC Present
[info   ] GLDriver: ARB Uniform Buffer Object Present
[info   ] GLDriver: ARB Explicit Attrib Location Present
[info   ] GLDriver: EXT Texture Filter Anisotropic Present
[info   ] GLDriver: Geometry Shaders Present
[info   ] GLDriver: ARB Texture Swizzle Present
[info   ] GLDriver: ARB Pixel Buffer Object Present
[info   ] GLDriver: ARB framebuffer sRGB Present
[info   ] ShaderBasedRenderer: Preloading shaders...
[info   ] SharedGPUObjects: Hardware Skinning enabled, method: TBO, max bones: 1024
[info   ] ShaderFilesManager: Compiling shader : object_pass.vert
[info   ] ShaderFilesManager: Compiling shader : object_pass1.frag
[info   ] ShaderFilesManager: Compiling shader : splatting.frag
[info   ] ShaderFilesManager: Compiling shader : skinning.vert
[info   ] ShaderFilesManager: Compiling shader : transparent.frag
[info   ] ShaderFilesManager: Compiling shader : coloredquad.vert
[info   ] ShaderFilesManager: Compiling shader : coloredquad.frag
[info   ] ShaderFilesManager: Compiling shader : screenquad.vert
[info   ] ShaderFilesManager: Compiling shader : tonemap.frag
[info   ] ShaderFilesManager: Compiling shader : passthrough.frag
[info   ] ShaderFilesManager: Compiling shader : alphatest_particle.vert
[info   ] ShaderFilesManager: Compiling shader : alphatest_particle.frag
[info   ] ShaderFilesManager: Compiling shader : simple_particle.vert
[info   ] ShaderFilesManager: Compiling shader : simple_particle.frag
[info   ] ShaderFilesManager: Compiling shader : instanced_object_pass.vert
[info   ] ShaderFilesManager: Compiling shader : instanced_skinning.vert
[info   ] ShaderFilesManager: Compiling shader : instanced_object_pass1.frag
[info   ] ShaderFilesManager: Compiling shader : instanced_object_pass2.frag
[info   ] ShaderFilesManager: Compiling shader : instanced_objectref_pass1.frag
[info   ] ShaderFilesManager: Compiling shader : instanced_objectref_pass2.frag
[info   ] ShaderFilesManager: Compiling shader : instanced_object_unlit.frag
[info   ] ShaderFilesManager: Compiling shader : instanced_normalmap.frag
[info   ] ShaderFilesManager: Compiling shader : instanced_grass.vert
[info   ] ShaderFilesManager: Compiling shader : instanced_grass_pass2.frag
[info   ] ShaderFilesManager: Compiling shader : instanced_objectpass_spheremap.frag
[info   ] ShaderFilesManager: Compiling shader : instanced_detailed_object_pass2.frag
[info   ] STKTexManager: 3 thread(s) for texture loading, each capacity 16 MB.
[info   ] ShaderBasedRenderer: Geometry will be rendered with indirect draw policy.
[info   ] irr_driver: GLSL supported.
[info   ] ShaderFilesManager: Compiling shader : texturedquad.vert
[info   ] ShaderFilesManager: Compiling shader : texturedquad.frag
[info   ] ShaderFilesManager: Compiling shader : uniformcolortexturedquad.frag
[info   ] ShaderFilesManager: Compiling shader : colortexturedquad.vert
[info   ] ShaderFilesManager: Compiling shader : colortexturedquad.frag
[info   ] HTTPRequest: Downloading http://addons.supertuxkart.net/dl/xml/news.xml
[info   ] addons: Downloading updated addons.xml.
[info   ] HTTPRequest: Downloading http://addons.supertuxkart.net/dl/xml/assets.xml
[info   ] GrandPrixManager: Loading Grand Prix files from /usr/share/supertuxkart/data/grandprix/
[info   ] GrandPrixManager: Loading Grand Prix files from /home/sunit/.local/share/supertuxkart/grandprix/
[info   ] HTTPRequest: Downloading http://addons.supertuxkart.net/dl/images/32999604857af930517f49.png
[warn   ] KartProperties: Can't find kart type '' for kart 'Argo2'
[warn   ] KartProperties: Can't find kart type '' for kart 'AUDACITY Girl'
[warn   ] KartProperties: Can't find kart type '' for kart 'Blinky'
[warn   ] KartProperties: Can't find kart type '' for kart 'Elephpant'
[info   ] ShaderFilesManager: Compiling shader : degraded_ibl.frag
[info   ] ShaderFilesManager: Compiling shader : sunlight.frag
[info   ] ShaderFilesManager: Compiling shader : pointlight.vert
[info   ] ShaderFilesManager: Compiling shader : pointlight.frag
[warn   ] KartProperties: Can't find kart type '' for kart 'AUDACITY Girl'
[warn   ] KartProperties: Can't find kart type '' for kart 'Blinky'
[verbose  ] RaceManager: Nb of karts=1, ghost karts:0 ai:0 players:1

[info   ] Singleton: Destroyed singleton.
[info   ] ShaderFilesManager: Compiling shader : importance_sampling_specular.frag
[info   ] ShaderFilesManager: Compiling shader : fog.frag
[info   ] ShaderFilesManager: Compiling shader : sky.vert
[info   ] ShaderFilesManager: Compiling shader : sky.frag
[info   ] ShaderFilesManager: Compiling shader : pointlightscatter.frag
[info   ] ShaderFilesManager: Compiling shader : gaussian6v.comp
[info   ] ShaderFilesManager: Compiling shader : gaussian6h.comp
[info   ] ShaderFilesManager: Compiling shader : transparentfog.frag
[info   ] ShaderFilesManager: Compiling shader : primitive2dlist.vert
[info   ] Singleton: Destroyed singleton.
[info   ] Singleton: Destroyed singleton.
[info   ] Singleton: Destroyed singleton.
[info   ] Singleton: Destroyed singleton.
[warn   ] LayoutManager: Statically sized widgets took all the place!!
[verbose  ] RaceManager: Nb of karts=2, ghost karts:0 ai:1 players:1

[info   ] Singleton: Destroyed singleton.
[info   ] Singleton: Destroyed singleton.
[info   ] Singleton: Destroyed singleton.
[info   ] Singleton: Destroyed singleton.
[info   ] Singleton: Destroyed singleton.
[verbose  ] Thread: Start waiting 3262767.309000
[verbose  ] Thread: Waited 0.014000 seconds for thread to become deleteable.
[verbose  ] Thread: Stop waiting 3262767.323000
[info   ] Singleton: Destroyed singleton.
[info   ] Singleton: Destroyed singleton.
[info   ] Singleton: Destroyed singleton.
